<?xml version="1.0" encoding="UTF-8"?>
<!-- Generated by org.testng.reporters.JUnitXMLReporter -->
<testsuite hostname="haroonr-e5570" ignored="0" name="Free CRM App Test Cases" tests="4" failures="0" timestamp="17 Jan 2019 12:06:18 GMT" time="44.1" errors="0">
  <testcase name="loginPageTitleTest" time="0.421" classname="com.crm.qa.testcases.LoginPageTest"/>
  <testcase name="verifyTitle" time="0.038" classname="com.crm.qa.testcases.HomePageTest"/>
  <testcase name="verifyContactsLabelTest" time="1.361" classname="com.crm.qa.testcases.ContactsPageTest"/>
  <testcase name="crmlogoImageTest" time="0.598" classname="com.crm.qa.testcases.LoginPageTest"/>
</testsuite> <!-- Free CRM App Test Cases -->
