<?xml version="1.0" encoding="UTF-8"?>
<!-- Generated by org.testng.reporters.JUnitXMLReporter -->
<testsuite hostname="haroonr-5530" name="Test1" tests="19" failures="0" timestamp="6 Aug 2019 16:38:13 GMT" time="488.649" errors="0">
  <testcase name="clickLognBtn" time="3.375" classname="com.crm.qa.testcases.StartPageTest"/>
  <testcase name="loginPageTitleTest" time="0.012" classname="com.crm.qa.testcases.LoginPageTest"/>
  <testcase name="loginTest" time="0.191" classname="com.crm.qa.testcases.LoginPageTest"/>
  <testcase name="validateTitle" time="0.006" classname="com.crm.qa.testcases.ClassicLoginPageTest"/>
  <testcase name="validateImagedisplayed" time="3.043" classname="com.crm.qa.testcases.ClassicLoginPageTest"/>
  <testcase name="clickLogin" time="10.495" classname="com.crm.qa.testcases.ClassicLoginPageTest"/>
  <testcase name="verifyTitle" time="0.006" classname="com.crm.qa.testcases.HomePageTest"/>
  <testcase name="verifyUserNameIsDisplayed" time="0.057" classname="com.crm.qa.testcases.HomePageTest"/>
  <testcase name="verifyContactLink" time="0.883" classname="com.crm.qa.testcases.HomePageTest"/>
  <testcase name="clickOnNewContactLinkTest" time="3.048" classname="com.crm.qa.testcases.HomePageTest"/>
  <testcase name="testClickOnCurrentDate" time="18.122" classname="com.crm.qa.testcases.HomePageTest"/>
  <testcase name="verifyContactsLabelTest" time="0.822" classname="com.crm.qa.testcases.ContactsPageTest"/>
  <testcase name="clickOnContactCheckBoxTest" time="0.948" classname="com.crm.qa.testcases.ContactsPageTest"/>
  <testcase name="createNewContactsTest" time="4.387" classname="com.crm.qa.testcases.ContactsPageTest"/>
  <testcase name="createNewContactsTest" time="4.372" classname="com.crm.qa.testcases.ContactsPageTest"/>
  <testcase name="createNewContactsTest" time="4.385" classname="com.crm.qa.testcases.ContactsPageTest"/>
  <testcase name="createNewContactsTest" time="4.408" classname="com.crm.qa.testcases.ContactsPageTest"/>
  <testcase name="createNewContactsTest" time="4.366" classname="com.crm.qa.testcases.ContactsPageTest"/>
  <testcase name="deleteContact" time="18.313" classname="com.crm.qa.testcases.ContactsPageTest"/>
</testsuite> <!-- Test1 -->
