<?xml version="1.0" encoding="UTF-8"?>
<testng-results skipped="0" failed="0" total="19" passed="19">
  <reporter-output>
  </reporter-output>
  <suite name="Suite1" duration-ms="488649" started-at="2019-08-06T16:30:04Z" finished-at="2019-08-06T16:38:13Z">
    <groups>
    </groups>
    <test name="Test1" duration-ms="488649" started-at="2019-08-06T16:30:04Z" finished-at="2019-08-06T16:38:13Z">
      <class name="com.crm.qa.testcases.StartPageTest">
        <test-method status="PASS" signature="setUp()[pri:0, instance:com.crm.qa.testcases.StartPageTest@1134affc]" name="setUp" is-config="true" duration-ms="11951" started-at="2019-08-06T17:30:04Z" finished-at="2019-08-06T17:30:16Z">
          <reporter-output>
          </reporter-output>
        </test-method> <!-- setUp -->
        <test-method status="PASS" signature="clickLognBtn()[pri:0, instance:com.crm.qa.testcases.StartPageTest@1134affc]" name="clickLognBtn" duration-ms="3375" started-at="2019-08-06T17:30:16Z" finished-at="2019-08-06T17:30:19Z">
          <reporter-output>
          </reporter-output>
        </test-method> <!-- clickLognBtn -->
        <test-method status="PASS" signature="tearDown()[pri:0, instance:com.crm.qa.testcases.StartPageTest@1134affc]" name="tearDown" is-config="true" duration-ms="677" started-at="2019-08-06T17:30:19Z" finished-at="2019-08-06T17:30:20Z">
          <reporter-output>
          </reporter-output>
        </test-method> <!-- tearDown -->
      </class> <!-- com.crm.qa.testcases.StartPageTest -->
      <class name="com.crm.qa.testcases.HomePageTest">
        <test-method status="PASS" signature="setUp()[pri:0, instance:com.crm.qa.testcases.HomePageTest@1b0375b3]" name="setUp" is-config="true" duration-ms="18992" started-at="2019-08-06T17:32:01Z" finished-at="2019-08-06T17:32:20Z">
          <reporter-output>
          </reporter-output>
        </test-method> <!-- setUp -->
        <test-method status="PASS" signature="verifyTitle()[pri:1, instance:com.crm.qa.testcases.HomePageTest@1b0375b3]" name="verifyTitle" duration-ms="6" started-at="2019-08-06T17:32:20Z" finished-at="2019-08-06T17:32:20Z">
          <reporter-output>
          </reporter-output>
        </test-method> <!-- verifyTitle -->
        <test-method status="PASS" signature="tearDown()[pri:0, instance:com.crm.qa.testcases.HomePageTest@1b0375b3]" name="tearDown" is-config="true" duration-ms="680" started-at="2019-08-06T17:32:20Z" finished-at="2019-08-06T17:32:21Z">
          <reporter-output>
          </reporter-output>
        </test-method> <!-- tearDown -->
        <test-method status="PASS" signature="setUp()[pri:0, instance:com.crm.qa.testcases.HomePageTest@1b0375b3]" name="setUp" is-config="true" duration-ms="18875" started-at="2019-08-06T17:32:21Z" finished-at="2019-08-06T17:32:40Z">
          <reporter-output>
          </reporter-output>
        </test-method> <!-- setUp -->
        <test-method status="PASS" signature="verifyUserNameIsDisplayed()[pri:2, instance:com.crm.qa.testcases.HomePageTest@1b0375b3]" name="verifyUserNameIsDisplayed" duration-ms="57" started-at="2019-08-06T17:32:40Z" finished-at="2019-08-06T17:32:40Z">
          <reporter-output>
          </reporter-output>
        </test-method> <!-- verifyUserNameIsDisplayed -->
        <test-method status="PASS" signature="tearDown()[pri:0, instance:com.crm.qa.testcases.HomePageTest@1b0375b3]" name="tearDown" is-config="true" duration-ms="685" started-at="2019-08-06T17:32:40Z" finished-at="2019-08-06T17:32:41Z">
          <reporter-output>
          </reporter-output>
        </test-method> <!-- tearDown -->
        <test-method status="PASS" signature="setUp()[pri:0, instance:com.crm.qa.testcases.HomePageTest@1b0375b3]" name="setUp" is-config="true" duration-ms="19047" started-at="2019-08-06T17:32:41Z" finished-at="2019-08-06T17:33:00Z">
          <reporter-output>
          </reporter-output>
        </test-method> <!-- setUp -->
        <test-method status="PASS" signature="verifyContactLink()[pri:3, instance:com.crm.qa.testcases.HomePageTest@1b0375b3]" name="verifyContactLink" duration-ms="883" started-at="2019-08-06T17:33:00Z" finished-at="2019-08-06T17:33:00Z">
          <reporter-output>
          </reporter-output>
        </test-method> <!-- verifyContactLink -->
        <test-method status="PASS" signature="tearDown()[pri:0, instance:com.crm.qa.testcases.HomePageTest@1b0375b3]" name="tearDown" is-config="true" duration-ms="684" started-at="2019-08-06T17:33:00Z" finished-at="2019-08-06T17:33:01Z">
          <reporter-output>
          </reporter-output>
        </test-method> <!-- tearDown -->
        <test-method status="PASS" signature="setUp()[pri:0, instance:com.crm.qa.testcases.HomePageTest@1b0375b3]" name="setUp" is-config="true" duration-ms="19129" started-at="2019-08-06T17:33:01Z" finished-at="2019-08-06T17:33:20Z">
          <reporter-output>
          </reporter-output>
        </test-method> <!-- setUp -->
        <test-method status="PASS" signature="clickOnNewContactLinkTest()[pri:4, instance:com.crm.qa.testcases.HomePageTest@1b0375b3]" name="clickOnNewContactLinkTest" duration-ms="3048" started-at="2019-08-06T17:33:20Z" finished-at="2019-08-06T17:33:23Z">
          <reporter-output>
          </reporter-output>
        </test-method> <!-- clickOnNewContactLinkTest -->
        <test-method status="PASS" signature="tearDown()[pri:0, instance:com.crm.qa.testcases.HomePageTest@1b0375b3]" name="tearDown" is-config="true" duration-ms="690" started-at="2019-08-06T17:33:23Z" finished-at="2019-08-06T17:33:24Z">
          <reporter-output>
          </reporter-output>
        </test-method> <!-- tearDown -->
        <test-method status="PASS" signature="setUp()[pri:0, instance:com.crm.qa.testcases.HomePageTest@1b0375b3]" name="setUp" is-config="true" duration-ms="20816" started-at="2019-08-06T17:33:24Z" finished-at="2019-08-06T17:33:45Z">
          <reporter-output>
          </reporter-output>
        </test-method> <!-- setUp -->
        <test-method status="PASS" signature="testClickOnCurrentDate()[pri:5, instance:com.crm.qa.testcases.HomePageTest@1b0375b3]" name="testClickOnCurrentDate" duration-ms="18122" started-at="2019-08-06T17:33:45Z" finished-at="2019-08-06T17:34:03Z">
          <reporter-output>
          </reporter-output>
        </test-method> <!-- testClickOnCurrentDate -->
        <test-method status="PASS" signature="tearDown()[pri:0, instance:com.crm.qa.testcases.HomePageTest@1b0375b3]" name="tearDown" is-config="true" duration-ms="710" started-at="2019-08-06T17:34:03Z" finished-at="2019-08-06T17:34:04Z">
          <reporter-output>
          </reporter-output>
        </test-method> <!-- tearDown -->
      </class> <!-- com.crm.qa.testcases.HomePageTest -->
      <class name="com.crm.qa.testcases.ContactsPageTest">
        <test-method status="PASS" signature="setUp()[pri:0, instance:com.crm.qa.testcases.ContactsPageTest@2f7c7260]" name="setUp" is-config="true" duration-ms="25387" started-at="2019-08-06T17:34:04Z" finished-at="2019-08-06T17:34:29Z">
          <reporter-output>
          </reporter-output>
        </test-method> <!-- setUp -->
        <test-method status="PASS" signature="verifyContactsLabelTest()[pri:1, instance:com.crm.qa.testcases.ContactsPageTest@2f7c7260]" name="verifyContactsLabelTest" duration-ms="822" started-at="2019-08-06T17:34:29Z" finished-at="2019-08-06T17:34:30Z">
          <reporter-output>
          </reporter-output>
        </test-method> <!-- verifyContactsLabelTest -->
        <test-method status="PASS" signature="tearDown()[pri:0, instance:com.crm.qa.testcases.ContactsPageTest@2f7c7260]" name="tearDown" is-config="true" duration-ms="697" started-at="2019-08-06T17:34:30Z" finished-at="2019-08-06T17:34:31Z">
          <reporter-output>
          </reporter-output>
        </test-method> <!-- tearDown -->
        <test-method status="PASS" signature="setUp()[pri:0, instance:com.crm.qa.testcases.ContactsPageTest@2f7c7260]" name="setUp" is-config="true" duration-ms="25331" started-at="2019-08-06T17:34:31Z" finished-at="2019-08-06T17:34:56Z">
          <reporter-output>
          </reporter-output>
        </test-method> <!-- setUp -->
        <test-method status="PASS" signature="clickOnContactCheckBoxTest()[pri:2, instance:com.crm.qa.testcases.ContactsPageTest@2f7c7260]" name="clickOnContactCheckBoxTest" duration-ms="948" started-at="2019-08-06T17:34:56Z" finished-at="2019-08-06T17:34:57Z">
          <reporter-output>
          </reporter-output>
        </test-method> <!-- clickOnContactCheckBoxTest -->
        <test-method status="PASS" signature="tearDown()[pri:0, instance:com.crm.qa.testcases.ContactsPageTest@2f7c7260]" name="tearDown" is-config="true" duration-ms="691" started-at="2019-08-06T17:34:57Z" finished-at="2019-08-06T17:34:58Z">
          <reporter-output>
          </reporter-output>
        </test-method> <!-- tearDown -->
        <test-method status="PASS" signature="setUp()[pri:0, instance:com.crm.qa.testcases.ContactsPageTest@2f7c7260]" name="setUp" is-config="true" duration-ms="24805" started-at="2019-08-06T17:34:58Z" finished-at="2019-08-06T17:35:23Z">
          <reporter-output>
          </reporter-output>
        </test-method> <!-- setUp -->
        <test-method status="PASS" signature="createNewContactsTest(java.lang.String, java.lang.String, java.lang.String, java.lang.String)[pri:3, instance:com.crm.qa.testcases.ContactsPageTest@2f7c7260]" name="createNewContactsTest" duration-ms="4387" started-at="2019-08-06T17:35:23Z" data-provider="getTestData" finished-at="2019-08-06T17:35:27Z">
          <params>
            <param index="0">
              <value>
                <![CDATA[Mr.]]>
              </value>
            </param>
            <param index="1">
              <value>
                <![CDATA[Tom]]>
              </value>
            </param>
            <param index="2">
              <value>
                <![CDATA[Steel]]>
              </value>
            </param>
            <param index="3">
              <value>
                <![CDATA[A1]]>
              </value>
            </param>
          </params>
          <reporter-output>
          </reporter-output>
        </test-method> <!-- createNewContactsTest -->
        <test-method status="PASS" signature="tearDown()[pri:0, instance:com.crm.qa.testcases.ContactsPageTest@2f7c7260]" name="tearDown" is-config="true" duration-ms="695" started-at="2019-08-06T17:35:27Z" finished-at="2019-08-06T17:35:28Z">
          <reporter-output>
          </reporter-output>
        </test-method> <!-- tearDown -->
        <test-method status="PASS" signature="setUp()[pri:0, instance:com.crm.qa.testcases.ContactsPageTest@2f7c7260]" name="setUp" is-config="true" duration-ms="24948" started-at="2019-08-06T17:35:28Z" finished-at="2019-08-06T17:35:53Z">
          <reporter-output>
          </reporter-output>
        </test-method> <!-- setUp -->
        <test-method status="PASS" signature="createNewContactsTest(java.lang.String, java.lang.String, java.lang.String, java.lang.String)[pri:3, instance:com.crm.qa.testcases.ContactsPageTest@2f7c7260]" name="createNewContactsTest" duration-ms="4372" started-at="2019-08-06T17:35:53Z" data-provider="getTestData" finished-at="2019-08-06T17:35:57Z">
          <params>
            <param index="0">
              <value>
                <![CDATA[Dr.]]>
              </value>
            </param>
            <param index="1">
              <value>
                <![CDATA[John]]>
              </value>
            </param>
            <param index="2">
              <value>
                <![CDATA[Jones]]>
              </value>
            </param>
            <param index="3">
              <value>
                <![CDATA[B1]]>
              </value>
            </param>
          </params>
          <reporter-output>
          </reporter-output>
        </test-method> <!-- createNewContactsTest -->
        <test-method status="PASS" signature="tearDown()[pri:0, instance:com.crm.qa.testcases.ContactsPageTest@2f7c7260]" name="tearDown" is-config="true" duration-ms="697" started-at="2019-08-06T17:35:57Z" finished-at="2019-08-06T17:35:58Z">
          <reporter-output>
          </reporter-output>
        </test-method> <!-- tearDown -->
        <test-method status="PASS" signature="setUp()[pri:0, instance:com.crm.qa.testcases.ContactsPageTest@2f7c7260]" name="setUp" is-config="true" duration-ms="25042" started-at="2019-08-06T17:35:58Z" finished-at="2019-08-06T17:36:23Z">
          <reporter-output>
          </reporter-output>
        </test-method> <!-- setUp -->
        <test-method status="PASS" signature="createNewContactsTest(java.lang.String, java.lang.String, java.lang.String, java.lang.String)[pri:3, instance:com.crm.qa.testcases.ContactsPageTest@2f7c7260]" name="createNewContactsTest" duration-ms="4385" started-at="2019-08-06T17:36:23Z" data-provider="getTestData" finished-at="2019-08-06T17:36:27Z">
          <params>
            <param index="0">
              <value>
                <![CDATA[Miss]]>
              </value>
            </param>
            <param index="1">
              <value>
                <![CDATA[Susan]]>
              </value>
            </param>
            <param index="2">
              <value>
                <![CDATA[Reynolds]]>
              </value>
            </param>
            <param index="3">
              <value>
                <![CDATA[C1]]>
              </value>
            </param>
          </params>
          <reporter-output>
          </reporter-output>
        </test-method> <!-- createNewContactsTest -->
        <test-method status="PASS" signature="tearDown()[pri:0, instance:com.crm.qa.testcases.ContactsPageTest@2f7c7260]" name="tearDown" is-config="true" duration-ms="698" started-at="2019-08-06T17:36:27Z" finished-at="2019-08-06T17:36:28Z">
          <reporter-output>
          </reporter-output>
        </test-method> <!-- tearDown -->
        <test-method status="PASS" signature="setUp()[pri:0, instance:com.crm.qa.testcases.ContactsPageTest@2f7c7260]" name="setUp" is-config="true" duration-ms="24947" started-at="2019-08-06T17:36:28Z" finished-at="2019-08-06T17:36:53Z">
          <reporter-output>
          </reporter-output>
        </test-method> <!-- setUp -->
        <test-method status="PASS" signature="createNewContactsTest(java.lang.String, java.lang.String, java.lang.String, java.lang.String)[pri:3, instance:com.crm.qa.testcases.ContactsPageTest@2f7c7260]" name="createNewContactsTest" duration-ms="4408" started-at="2019-08-06T17:36:53Z" data-provider="getTestData" finished-at="2019-08-06T17:36:57Z">
          <params>
            <param index="0">
              <value>
                <![CDATA[Mrs.]]>
              </value>
            </param>
            <param index="1">
              <value>
                <![CDATA[Wendy]]>
              </value>
            </param>
            <param index="2">
              <value>
                <![CDATA[Burton]]>
              </value>
            </param>
            <param index="3">
              <value>
                <![CDATA[D1]]>
              </value>
            </param>
          </params>
          <reporter-output>
          </reporter-output>
        </test-method> <!-- createNewContactsTest -->
        <test-method status="PASS" signature="tearDown()[pri:0, instance:com.crm.qa.testcases.ContactsPageTest@2f7c7260]" name="tearDown" is-config="true" duration-ms="691" started-at="2019-08-06T17:36:57Z" finished-at="2019-08-06T17:36:58Z">
          <reporter-output>
          </reporter-output>
        </test-method> <!-- tearDown -->
        <test-method status="PASS" signature="setUp()[pri:0, instance:com.crm.qa.testcases.ContactsPageTest@2f7c7260]" name="setUp" is-config="true" duration-ms="25261" started-at="2019-08-06T17:36:58Z" finished-at="2019-08-06T17:37:23Z">
          <reporter-output>
          </reporter-output>
        </test-method> <!-- setUp -->
        <test-method status="PASS" signature="createNewContactsTest(java.lang.String, java.lang.String, java.lang.String, java.lang.String)[pri:3, instance:com.crm.qa.testcases.ContactsPageTest@2f7c7260]" name="createNewContactsTest" duration-ms="4366" started-at="2019-08-06T17:37:23Z" data-provider="getTestData" finished-at="2019-08-06T17:37:28Z">
          <params>
            <param index="0">
              <value>
                <![CDATA[Mr.]]>
              </value>
            </param>
            <param index="1">
              <value>
                <![CDATA[John]]>
              </value>
            </param>
            <param index="2">
              <value>
                <![CDATA[Foreman]]>
              </value>
            </param>
            <param index="3">
              <value>
                <![CDATA[D1]]>
              </value>
            </param>
          </params>
          <reporter-output>
          </reporter-output>
        </test-method> <!-- createNewContactsTest -->
        <test-method status="PASS" signature="tearDown()[pri:0, instance:com.crm.qa.testcases.ContactsPageTest@2f7c7260]" name="tearDown" is-config="true" duration-ms="699" started-at="2019-08-06T17:37:28Z" finished-at="2019-08-06T17:37:28Z">
          <reporter-output>
          </reporter-output>
        </test-method> <!-- tearDown -->
        <test-method status="PASS" signature="setUp()[pri:0, instance:com.crm.qa.testcases.ContactsPageTest@2f7c7260]" name="setUp" is-config="true" duration-ms="25317" started-at="2019-08-06T17:37:28Z" finished-at="2019-08-06T17:37:54Z">
          <reporter-output>
          </reporter-output>
        </test-method> <!-- setUp -->
        <test-method status="PASS" signature="deleteContact()[pri:4, instance:com.crm.qa.testcases.ContactsPageTest@2f7c7260]" name="deleteContact" duration-ms="18313" started-at="2019-08-06T17:37:54Z" finished-at="2019-08-06T17:38:12Z">
          <reporter-output>
          </reporter-output>
        </test-method> <!-- deleteContact -->
        <test-method status="PASS" signature="tearDown()[pri:0, instance:com.crm.qa.testcases.ContactsPageTest@2f7c7260]" name="tearDown" is-config="true" duration-ms="704" started-at="2019-08-06T17:38:12Z" finished-at="2019-08-06T17:38:13Z">
          <reporter-output>
          </reporter-output>
        </test-method> <!-- tearDown -->
      </class> <!-- com.crm.qa.testcases.ContactsPageTest -->
      <class name="com.crm.qa.testcases.LoginPageTest">
        <test-method status="PASS" signature="setUp()[pri:0, instance:com.crm.qa.testcases.LoginPageTest@d041cf]" name="setUp" is-config="true" duration-ms="14044" started-at="2019-08-06T17:30:20Z" finished-at="2019-08-06T17:30:34Z">
          <reporter-output>
          </reporter-output>
        </test-method> <!-- setUp -->
        <test-method status="PASS" signature="loginPageTitleTest()[pri:1, instance:com.crm.qa.testcases.LoginPageTest@d041cf]" name="loginPageTitleTest" duration-ms="12" started-at="2019-08-06T17:30:34Z" finished-at="2019-08-06T17:30:34Z">
          <reporter-output>
          </reporter-output>
        </test-method> <!-- loginPageTitleTest -->
        <test-method status="PASS" signature="tearDown()[pri:0, instance:com.crm.qa.testcases.LoginPageTest@d041cf]" name="tearDown" is-config="true" duration-ms="3682" started-at="2019-08-06T17:30:34Z" finished-at="2019-08-06T17:30:38Z">
          <reporter-output>
          </reporter-output>
        </test-method> <!-- tearDown -->
        <test-method status="PASS" signature="setUp()[pri:0, instance:com.crm.qa.testcases.LoginPageTest@d041cf]" name="setUp" is-config="true" duration-ms="14192" started-at="2019-08-06T17:30:38Z" finished-at="2019-08-06T17:30:52Z">
          <reporter-output>
          </reporter-output>
        </test-method> <!-- setUp -->
        <test-method status="PASS" signature="loginTest()[pri:2, instance:com.crm.qa.testcases.LoginPageTest@d041cf]" name="loginTest" duration-ms="191" started-at="2019-08-06T17:30:52Z" finished-at="2019-08-06T17:30:52Z">
          <reporter-output>
          </reporter-output>
        </test-method> <!-- loginTest -->
        <test-method status="PASS" signature="tearDown()[pri:0, instance:com.crm.qa.testcases.LoginPageTest@d041cf]" name="tearDown" is-config="true" duration-ms="3680" started-at="2019-08-06T17:30:52Z" finished-at="2019-08-06T17:30:56Z">
          <reporter-output>
          </reporter-output>
        </test-method> <!-- tearDown -->
      </class> <!-- com.crm.qa.testcases.LoginPageTest -->
      <class name="com.crm.qa.testcases.ClassicLoginPageTest">
        <test-method status="PASS" signature="setup()[pri:0, instance:com.crm.qa.testcases.ClassicLoginPageTest@129a8472]" name="setup" is-config="true" duration-ms="16392" started-at="2019-08-06T17:30:56Z" finished-at="2019-08-06T17:31:12Z">
          <reporter-output>
          </reporter-output>
        </test-method> <!-- setup -->
        <test-method status="PASS" signature="validateTitle()[pri:1, instance:com.crm.qa.testcases.ClassicLoginPageTest@129a8472]" name="validateTitle" duration-ms="6" started-at="2019-08-06T17:31:12Z" finished-at="2019-08-06T17:31:12Z">
          <reporter-output>
          </reporter-output>
        </test-method> <!-- validateTitle -->
        <test-method status="PASS" signature="tearDown()[pri:0, instance:com.crm.qa.testcases.ClassicLoginPageTest@129a8472]" name="tearDown" is-config="true" duration-ms="1561" started-at="2019-08-06T17:31:12Z" finished-at="2019-08-06T17:31:14Z">
          <reporter-output>
          </reporter-output>
        </test-method> <!-- tearDown -->
        <test-method status="PASS" signature="setup()[pri:0, instance:com.crm.qa.testcases.ClassicLoginPageTest@129a8472]" name="setup" is-config="true" duration-ms="16419" started-at="2019-08-06T17:31:14Z" finished-at="2019-08-06T17:31:30Z">
          <reporter-output>
          </reporter-output>
        </test-method> <!-- setup -->
        <test-method status="PASS" signature="validateImagedisplayed()[pri:2, instance:com.crm.qa.testcases.ClassicLoginPageTest@129a8472]" name="validateImagedisplayed" duration-ms="3043" started-at="2019-08-06T17:31:30Z" finished-at="2019-08-06T17:31:33Z">
          <reporter-output>
          </reporter-output>
        </test-method> <!-- validateImagedisplayed -->
        <test-method status="PASS" signature="tearDown()[pri:0, instance:com.crm.qa.testcases.ClassicLoginPageTest@129a8472]" name="tearDown" is-config="true" duration-ms="683" started-at="2019-08-06T17:31:33Z" finished-at="2019-08-06T17:31:34Z">
          <reporter-output>
          </reporter-output>
        </test-method> <!-- tearDown -->
        <test-method status="PASS" signature="setup()[pri:0, instance:com.crm.qa.testcases.ClassicLoginPageTest@129a8472]" name="setup" is-config="true" duration-ms="16094" started-at="2019-08-06T17:31:34Z" finished-at="2019-08-06T17:31:50Z">
          <reporter-output>
          </reporter-output>
        </test-method> <!-- setup -->
        <test-method status="PASS" signature="clickLogin()[pri:3, instance:com.crm.qa.testcases.ClassicLoginPageTest@129a8472]" name="clickLogin" duration-ms="10495" started-at="2019-08-06T17:31:50Z" finished-at="2019-08-06T17:32:01Z">
          <reporter-output>
          </reporter-output>
        </test-method> <!-- clickLogin -->
        <test-method status="PASS" signature="tearDown()[pri:0, instance:com.crm.qa.testcases.ClassicLoginPageTest@129a8472]" name="tearDown" is-config="true" duration-ms="691" started-at="2019-08-06T17:32:01Z" finished-at="2019-08-06T17:32:01Z">
          <reporter-output>
          </reporter-output>
        </test-method> <!-- tearDown -->
      </class> <!-- com.crm.qa.testcases.ClassicLoginPageTest -->
    </test> <!-- Test1 -->
  </suite> <!-- Suite1 -->
</testng-results>
